<?xml version="1.0" encoding="UTF-8"?>
<testng-results ignored="0" total="4" passed="4" failed="0" skipped="0">
  <reporter-output>
  </reporter-output>
  <suite started-at="2026-02-16T18:10:13 IST" name="Default suite" finished-at="2026-02-16T18:10:21 IST" duration-ms="7702">
    <groups>
      <group name="cucumber">
        <method signature="AbstractTestNGCucumberTests.runScenario(io.cucumber.testng.PickleWrapper,io.cucumber.testng.FeatureWrapper)[pri:0, instance:runners.TestRunner@738dc9b]" name="runScenario" class="io.cucumber.testng.AbstractTestNGCucumberTests"/>
      </group> <!-- cucumber -->
    </groups>
    <test started-at="2026-02-16T18:10:13 IST" name="Default test" finished-at="2026-02-16T18:10:21 IST" duration-ms="7702">
      <class name="runners.TestRunner">
        <test-method is-config="true" signature="setUpClass(org.testng.ITestContext)[pri:0, instance:runners.TestRunner@738dc9b]" started-at="2026-02-16T18:10:13 IST" name="setUpClass" finished-at="2026-02-16T18:10:14 IST" duration-ms="613" status="PASS">
          <params>
            <param index="0">
              <value>
                <![CDATA[org.testng.TestRunner@43ab9ae9]]>
              </value>
            </param>
          </params>
          <reporter-output>
          </reporter-output>
        </test-method> <!-- setUpClass -->
        <test-method signature="runScenario(io.cucumber.testng.PickleWrapper,io.cucumber.testng.FeatureWrapper)[pri:0, instance:runners.TestRunner@738dc9b]" started-at="2026-02-16T18:10:14 IST" name="runScenario" description="Runs Cucumber Scenarios" data-provider="scenarios" finished-at="2026-02-16T18:10:19 IST" duration-ms="5114" status="PASS">
          <params>
            <param index="0">
              <value>
                <![CDATA["Create user with valid data"]]>
              </value>
            </param>
            <param index="1">
              <value>
                <![CDATA["GoRest User API Automation"]]>
              </value>
            </param>
          </params>
          <reporter-output>
          </reporter-output>
        </test-method> <!-- runScenario -->
        <test-method signature="runScenario(io.cucumber.testng.PickleWrapper,io.cucumber.testng.FeatureWrapper)[pri:0, instance:runners.TestRunner@738dc9b]" started-at="2026-02-16T18:10:19 IST" name="runScenario" description="Runs Cucumber Scenarios" data-provider="scenarios" finished-at="2026-02-16T18:10:20 IST" duration-ms="599" status="PASS">
          <params>
            <param index="0">
              <value>
                <![CDATA["Get created user"]]>
              </value>
            </param>
            <param index="1">
              <value>
                <![CDATA["GoRest User API Automation"]]>
              </value>
            </param>
          </params>
          <reporter-output>
          </reporter-output>
        </test-method> <!-- runScenario -->
        <test-method signature="runScenario(io.cucumber.testng.PickleWrapper,io.cucumber.testng.FeatureWrapper)[pri:0, instance:runners.TestRunner@738dc9b]" started-at="2026-02-16T18:10:20 IST" name="runScenario" description="Runs Cucumber Scenarios" data-provider="scenarios" finished-at="2026-02-16T18:10:20 IST" duration-ms="539" status="PASS">
          <params>
            <param index="0">
              <value>
                <![CDATA["Update user details"]]>
              </value>
            </param>
            <param index="1">
              <value>
                <![CDATA["GoRest User API Automation"]]>
              </value>
            </param>
          </params>
          <reporter-output>
          </reporter-output>
        </test-method> <!-- runScenario -->
        <test-method signature="runScenario(io.cucumber.testng.PickleWrapper,io.cucumber.testng.FeatureWrapper)[pri:0, instance:runners.TestRunner@738dc9b]" started-at="2026-02-16T18:10:20 IST" name="runScenario" description="Runs Cucumber Scenarios" data-provider="scenarios" finished-at="2026-02-16T18:10:21 IST" duration-ms="595" status="PASS">
          <params>
            <param index="0">
              <value>
                <![CDATA["Delete user"]]>
              </value>
            </param>
            <param index="1">
              <value>
                <![CDATA["GoRest User API Automation"]]>
              </value>
            </param>
          </params>
          <reporter-output>
          </reporter-output>
        </test-method> <!-- runScenario -->
        <test-method is-config="true" signature="tearDownClass()[pri:0, instance:runners.TestRunner@738dc9b]" started-at="2026-02-16T18:10:21 IST" name="tearDownClass" finished-at="2026-02-16T18:10:21 IST" duration-ms="181" status="PASS">
          <reporter-output>
          </reporter-output>
        </test-method> <!-- tearDownClass -->
      </class> <!-- runners.TestRunner -->
    </test> <!-- Default test -->
  </suite> <!-- Default suite -->
</testng-results>
