<?xml version="1.0" encoding="UTF-8"?>
<!-- Generated by org.testng.reporters.JUnitReportReporter -->
<testsuite hostname="DESKTOP-TPJ9GPS" failures="0" tests="4" name="runners.TestRunner" time="6.847" errors="0" timestamp="2026-02-16T18:10:21 IST" skipped="0">
  <testcase classname="runners.TestRunner" name="runScenario" time="0.539"/>
  <testcase classname="runners.TestRunner" name="runScenario" time="5.114"/>
  <testcase classname="runners.TestRunner" name="runScenario" time="0.595"/>
  <testcase classname="runners.TestRunner" name="runScenario" time="0.599"/>
</testsuite> <!-- runners.TestRunner -->
